<?xml version="1.0" encoding="UTF-8"?>
<!-- Generated by org.testng.reporters.JUnitReportReporter -->
<testsuite skipped="0" hostname="DESKTOP-VTBT3RG" name="TestCase.MakemyTripFlightSearch" tests="2" failures="0" timestamp="2023-06-07T08:22:37 IST" time="21.382" errors="0">
  <testcase name="EnterValidSearchCriteria" time="13.066" classname="TestCase.MakemyTripFlightSearch"/>
  <system-out/>
  <testcase name="EnterSameFromandToInSearchCriteria" time="8.316" classname="TestCase.MakemyTripFlightSearch"/>
  <system-out/>
</testsuite> <!-- TestCase.MakemyTripFlightSearch -->
