<?xml version="1.0" encoding="UTF-8"?>
<!-- Generated by org.testng.reporters.JUnitReportReporter -->
<testsuite skipped="0" hostname="DESKTOP-VTBT3RG" name="TestCase.MakemyTripFlightSearch" tests="1" failures="0" timestamp="2023-06-06T08:36:19 IST" time="0.614" errors="0">
  <testcase name="EnterValidSearchCriteria" time="0.614" classname="TestCase.MakemyTripFlightSearch"/>
  <system-out/>
</testsuite> <!-- TestCase.MakemyTripFlightSearch -->
