<?xml version="1.0" encoding="UTF-8"?>
<!-- Generated by org.testng.reporters.JUnitReportReporter -->
<testsuite skipped="0" hostname="DESKTOP-VTBT3RG" name="TestNgConcepts.TestNGSecondClass" tests="2" failures="0" timestamp="2023-06-02T08:05:16 IST" time="0.006" errors="0">
  <testcase name="Testcase3" time="0.005" classname="TestNgConcepts.TestNGSecondClass"/>
  <system-out/>
  <testcase name="Testcase4" time="0.001" classname="TestNgConcepts.TestNGSecondClass"/>
  <system-out/>
</testsuite> <!-- TestNgConcepts.TestNGSecondClass -->
