<?xml version="1.0" encoding="UTF-8"?>
<!-- Generated by org.testng.reporters.JUnitReportReporter -->
<testsuite skipped="0" hostname="DESKTOP-VTBT3RG" name="TestCase.MakemyTripFlightSearch" tests="4" failures="0" timestamp="2023-06-09T08:22:31 IST" time="57.865" errors="0">
  <testcase name="EnterValidSearchCriteria" time="20.792" classname="TestCase.MakemyTripFlightSearch"/>
  <system-out/>
  <testcase name="EnterValidSearchCriteria" time="15.489" classname="TestCase.MakemyTripFlightSearch"/>
  <system-out/>
  <testcase name="EnterValidSearchCriteria" time="14.745" classname="TestCase.MakemyTripFlightSearch"/>
  <system-out/>
  <testcase name="EnterSameFromandToInSearchCriteria" time="6.839" classname="TestCase.MakemyTripFlightSearch"/>
  <system-out/>
</testsuite> <!-- TestCase.MakemyTripFlightSearch -->
